<?xml version="1.0" encoding="UTF-8"?>
<testsuite name="com.kodilla.stream.forum.ForumUserTestSuite" tests="2" skipped="0" failures="0" errors="0" timestamp="2018-11-29T07:48:52" hostname="idea-PC" time="0.012">
  <properties/>
  <testcase name="testGetLocationsOfFriends" classname="com.kodilla.stream.forum.ForumUserTestSuite" time="0.008"/>
  <testcase name="testGetLocationsOfFriendsOfFriends" classname="com.kodilla.stream.forum.ForumUserTestSuite" time="0.004"/>
  <system-out><![CDATA[]]></system-out>
  <system-err><![CDATA[]]></system-err>
</testsuite>
