<?xml version="1.0" encoding="UTF-8"?>
<testsuite name="com.kodilla.testing.forum.ForumTestSuite" tests="2" skipped="0" failures="0" errors="0" timestamp="2018-11-24T08:50:24" hostname="idea-PC" time="0.003">
  <properties/>
  <testcase name="testCaseUsername" classname="com.kodilla.testing.forum.ForumTestSuite" time="0.002"/>
  <testcase name="testCaseRealUserName" classname="com.kodilla.testing.forum.ForumTestSuite" time="0.001"/>
  <system-out><![CDATA[Test Suite: begin!
Test Case: begin!
Testing theForumUser
Test Case: end!
Test Case: begin!
Testing John Smith
Test Case: end!
Test Suite: End!
]]></system-out>
  <system-err><![CDATA[]]></system-err>
</testsuite>
