<?xml version="1.0" encoding="UTF-8"?>
<testsuite name="com.kodilla.testing.collection.CollectionTestSuite" tests="2" skipped="0" failures="0" errors="0" timestamp="2018-11-24T08:50:24" hostname="idea-PC" time="0.007">
  <properties/>
  <testcase name="testOddNumbersExterminatorEmptyList" classname="com.kodilla.testing.collection.CollectionTestSuite" time="0.006"/>
  <testcase name="testOddNumbersExterminatorNormalList" classname="com.kodilla.testing.collection.CollectionTestSuite" time="0.0"/>
  <system-out><![CDATA[Test Suite: begin!
Test Case: begin!
Testing []
Empty evenNumbersList: [] Empty testedNumbers: []
Test Case: end!
Test Case: begin!
Testing [2, 4]
evenNumbersList: [2, 4] testedNumbers: [2, 4]
Test Case: end!
Test Suite: End!
]]></system-out>
  <system-err><![CDATA[]]></system-err>
</testsuite>
