<?xml version="1.0" encoding="UTF-8"?>
<testsuite name="com.kodilla.testing.shape.ShapeCollectorTestSuite" tests="4" skipped="0" failures="0" errors="0" timestamp="2018-11-24T08:50:24" hostname="idea-PC" time="0.005">
  <properties/>
  <testcase name="testShowFigures" classname="com.kodilla.testing.shape.ShapeCollectorTestSuite" time="0.004"/>
  <testcase name="testRemoveFigure" classname="com.kodilla.testing.shape.ShapeCollectorTestSuite" time="0.001"/>
  <testcase name="testAddFigure" classname="com.kodilla.testing.shape.ShapeCollectorTestSuite" time="0.0"/>
  <testcase name="testGetFigure" classname="com.kodilla.testing.shape.ShapeCollectorTestSuite" time="0.0"/>
  <system-out><![CDATA[This is the beginning of the tests.
Preparing to execute test #1
[Square field: 68.89, Triangle field: 39.08, Circle field: 162.78]
Preparing to execute test #2
Preparing to execute test #3
Preparing to execute test #4
All tests are finished.
]]></system-out>
  <system-err><![CDATA[]]></system-err>
</testsuite>
