<?xml version="1.0" encoding="UTF-8"?>
<testsuite name="com.kodilla.patterns.builder.bigmac.BigmacTestSuite" tests="1" skipped="0" failures="0" errors="0" timestamp="2019-02-03T21:37:30" hostname="idea-PC" time="0.011">
  <properties/>
  <testcase name="testBicMacBuilder" classname="com.kodilla.patterns.builder.bigmac.BigmacTestSuite" time="0.011"/>
  <system-out><![CDATA[Bigmac{bun='Bun with sesame', burgers=3, sauce='standard', ingredients=[saĹ‚ata, cebula, bekon, pieczarki]}
]]></system-out>
  <system-err><![CDATA[]]></system-err>
</testsuite>
