<?xml version="1.0" encoding="UTF-8"?>
<testsuite name="com.kodilla.patterns.prototype.library.LibraryTestSuite" tests="1" skipped="0" failures="0" errors="0" timestamp="2019-05-23T16:49:56" hostname="idea-PC" time="0.012">
  <properties/>
  <testcase name="testGetBooks" classname="com.kodilla.patterns.prototype.library.LibraryTestSuite" time="0.012"/>
  <system-out><![CDATA[Library [Library 1]
         Book {title = 'Tittle2', author = 'Author2', publicationDate = 2006-11-01}
         Book {title = 'Tittle3', author = 'Author3', publicationDate = 2007-11-01}

Library [Library 2]
         Book {title = 'Tittle2', author = 'Author2', publicationDate = 2006-11-01}
         Book {title = 'Tittle3', author = 'Author3', publicationDate = 2007-11-01}

Library [Library 3]
         Book {title = 'Tittle3', author = 'Author3', publicationDate = 2007-11-01}
         Book {title = 'Tittle2', author = 'Author2', publicationDate = 2006-11-01}
         Book {title = 'Tittle1', author = 'Author1', publicationDate = 2005-11-01}

]]></system-out>
  <system-err><![CDATA[]]></system-err>
</testsuite>
