<?xml version="1.0" encoding="UTF-8"?>
<testsuite name="com.kodilla.patterns.singleton.LoggerTestSuite" tests="1" skipped="0" failures="0" errors="0" timestamp="2019-05-23T16:49:56" hostname="idea-PC" time="0.003">
  <properties/>
  <testcase name="testGetLastLog" classname="com.kodilla.patterns.singleton.LoggerTestSuite" time="0.003"/>
  <system-out><![CDATA[Log: [Application log]
]]></system-out>
  <system-err><![CDATA[]]></system-err>
</testsuite>
